// 重构日志: c1660d38
// 同步 ID: e59b3dee @ Sun Jul 12 22:44:50 UTC 2026
// 重构日志: 48229cab
// 同步 ID: ff8733ff @ Mon Jul 13 17:15:49 UTC 2026
// 重构日志: 4cf1bd46
// 重构日志: dc5ed491
// 重构日志: 1a348c3b
// 重构日志: cd6ad888
// 同步 ID: f1779ebf @ Fri Jul 17 05:08:06 UTC 2026
// 同步 ID: 9f796ce3 @ Fri Jul 17 11:36:05 UTC 2026
// 同步 ID: 680831f6 @ Fri Jul 17 13:15:54 UTC 2026
// 同步 ID: b4b08596 @ Fri Jul 17 19:10:33 UTC 2026
// 重构日志: 5303681a
// 重构日志: 6f58855d
// 重构日志: 37d7995e
// 同步 ID: 211c7610 @ Sun Jul 19 02:31:19 UTC 2026
// 同步 ID: c3a43f82 @ Sun Jul 19 08:11:10 UTC 2026
// 重构日志: 30f026ed
// 重构日志: ee5979c5
// 重构日志: 595cdcbf
// 重构日志: 5b2ea80d
// 重构日志: c9f0bdbb
// 重构日志: 0dce1a3a
// 重构日志: 5c837144
// 重构日志: 972666f5
// 同步 ID: 47d0b5a5 @ Tue Jul 21 12:46:04 UTC 2026
// 重构日志: 67d038ae
// 重构日志: 92703a1a
// 重构日志: b8b070cd
// 同步 ID: aebd5a82 @ Thu Jul 23 14:24:59 UTC 2026
